// 同步 ID: d9b63e7c @ Fri Jun 26 18:24:40 UTC 2026
// 重构日志: b04d639a
// 重构日志: fccd46b0
// 重构日志: 5c8ee846
// 重构日志: 47e178c5
// 同步 ID: 53fa3616 @ Thu Jul  2 10:41:02 UTC 2026
// 同步 ID: c2beb552 @ Thu Jul  2 17:18:54 UTC 2026
// 重构日志: 184e00b2
// 同步 ID: 5bc5b3e2 @ Sat Jul  4 08:38:00 UTC 2026
// 重构日志: 983f9e0c
// 同步 ID: c4c9d212 @ Sun Jul  5 10:48:21 UTC 2026
// 重构日志: 8ccd70ca
// 重构日志: 2fa529c3
// 重构日志: dd8b675a
// 重构日志: c47e4bf8
// 同步 ID: a20e8078 @ Sun Jul 12 16:23:09 UTC 2026
// 同步 ID: 96c826a0 @ Tue Jul 14 12:42:18 UTC 2026
// 重构日志: b2c2d433
// 同步 ID: c49aff3d @ Sat Jul 18 11:12:22 UTC 2026
// 重构日志: 62fec233
// 重构日志: 42ee0bb8
// 同步 ID: 7cdf74cf @ Mon Jul 20 05:24:10 UTC 2026
// 同步 ID: 209b5475 @ Mon Jul 20 08:43:37 UTC 2026
// 重构日志: df811d64
// 同步 ID: 14169476 @ Wed Jul 22 11:47:06 UTC 2026
// 重构日志: b56fdd40
// 重构日志: ba7aab1a
// 重构日志: b746d8d3
// 同步 ID: b9e6ef6b @ Fri Jul 24 15:00:27 UTC 2026
